{"/Users/geovanny/Documents/Developer/Nestjs/nestjs-fintech-clean/src/modules/disbursement/application/use-cases/create-disbursement.use-case.ts": {"path":"/Users/geovanny/Documents/Developer/Nestjs/nestjs-fintech-clean/src/modules/disbursement/application/use-cases/create-disbursement.use-case.ts","statementMap":{"0":{"start":{"line":1,"column":0},"end":{"line":1,"column":58}},"1":{"start":{"line":2,"column":0},"end":{"line":2,"column":73}},"2":{"start":{"line":5,"column":0},"end":{"line":5,"column":52}},"3":{"start":{"line":16,"column":7},"end":{"line":51,"column":null}},"4":{"start":{"line":19,"column":21},"end":{"line":19,"column":67}},"5":{"start":{"line":21,"column":21},"end":{"line":21,"column":57}},"6":{"start":{"line":26,"column":31},"end":{"line":26,"column":57}},"7":{"start":{"line":28,"column":4},"end":{"line":30,"column":5}},"8":{"start":{"line":29,"column":6},"end":{"line":29,"column":52}},"9":{"start":{"line":32,"column":25},"end":{"line":32,"column":50}},"10":{"start":{"line":35,"column":28},"end":{"line":36,"column":null}},"11":{"start":{"line":39,"column":4},"end":{"line":41,"column":5}},"12":{"start":{"line":40,"column":6},"end":{"line":40,"column":66}},"13":{"start":{"line":44,"column":4},"end":{"line":49,"column":5}},"14":{"start":{"line":45,"column":17},"end":{"line":45,"column":69}},"15":{"start":{"line":46,"column":6},"end":{"line":46,"column":27}},"16":{"start":{"line":48,"column":6},"end":{"line":48,"column":59}},"17":{"start":{"line":16,"column":13},"end":{"line":16,"column":38}},"18":{"start":{"line":16,"column":13},"end":{"line":51,"column":null}}},"fnMap":{"0":{"name":"(anonymous_4)","decl":{"start":{"line":17,"column":2},"end":{"line":17,"column":null}},"loc":{"start":{"line":21,"column":57},"end":{"line":22,"column":6}}},"1":{"name":"(anonymous_5)","decl":{"start":{"line":24,"column":2},"end":{"line":24,"column":7}},"loc":{"start":{"line":24,"column":46},"end":{"line":50,"column":3}}}},"branchMap":{"0":{"loc":{"start":{"line":28,"column":4},"end":{"line":30,"column":5}},"type":"if","locations":[{"start":{"line":28,"column":4},"end":{"line":30,"column":5}}]},"1":{"loc":{"start":{"line":39,"column":4},"end":{"line":41,"column":5}},"type":"if","locations":[{"start":{"line":39,"column":4},"end":{"line":41,"column":5}}]}},"s":{"0":1,"1":1,"2":1,"3":1,"4":3,"5":3,"6":3,"7":3,"8":1,"9":2,"10":2,"11":2,"12":1,"13":1,"14":1,"15":1,"16":0,"17":1,"18":1},"f":{"0":3,"1":3},"b":{"0":[1],"1":[1]}}
,"/Users/geovanny/Documents/Developer/Nestjs/nestjs-fintech-clean/src/modules/disbursement/domain/entities/disbursement.entity.ts": {"path":"/Users/geovanny/Documents/Developer/Nestjs/nestjs-fintech-clean/src/modules/disbursement/domain/entities/disbursement.entity.ts","statementMap":{"0":{"start":{"line":1,"column":0},"end":{"line":1,"column":58}},"1":{"start":{"line":21,"column":4},"end":{"line":21,"column":31}},"2":{"start":{"line":22,"column":4},"end":{"line":22,"column":31}},"3":{"start":{"line":23,"column":4},"end":{"line":23,"column":35}},"4":{"start":{"line":24,"column":4},"end":{"line":24,"column":51}},"5":{"start":{"line":25,"column":4},"end":{"line":25,"column":33}},"6":{"start":{"line":26,"column":4},"end":{"line":26,"column":28}},"7":{"start":{"line":32,"column":4},"end":{"line":34,"column":5}},"8":{"start":{"line":33,"column":6},"end":{"line":33,"column":51}},"9":{"start":{"line":37,"column":4},"end":{"line":39,"column":5}},"10":{"start":{"line":38,"column":6},"end":{"line":38,"column":54}},"11":{"start":{"line":42,"column":30},"end":{"line":42,"column":44}},"12":{"start":{"line":43,"column":4},"end":{"line":45,"column":5}},"13":{"start":{"line":44,"column":6},"end":{"line":44,"column":48}},"14":{"start":{"line":48,"column":4},"end":{"line":50,"column":5}},"15":{"start":{"line":49,"column":6},"end":{"line":49,"column":60}},"16":{"start":{"line":52,"column":25},"end":{"line":52,"column":48}},"17":{"start":{"line":53,"column":4},"end":{"line":53,"column":35}},"18":{"start":{"line":58,"column":4},"end":{"line":60,"column":5}},"19":{"start":{"line":59,"column":6},"end":{"line":59,"column":74}},"20":{"start":{"line":61,"column":4},"end":{"line":61,"column":29}},"21":{"start":{"line":62,"column":4},"end":{"line":62,"column":23}},"22":{"start":{"line":66,"column":4},"end":{"line":68,"column":5}},"23":{"start":{"line":67,"column":6},"end":{"line":67,"column":75}},"24":{"start":{"line":69,"column":4},"end":{"line":71,"column":5}},"25":{"start":{"line":70,"column":6},"end":{"line":70,"column":59}},"26":{"start":{"line":72,"column":4},"end":{"line":72,"column":29}},"27":{"start":{"line":73,"column":4},"end":{"line":73,"column":23}},"28":{"start":{"line":77,"column":32},"end":{"line":77,"column":47}},"29":{"start":{"line":78,"column":28},"end":{"line":78,"column":41}},"30":{"start":{"line":79,"column":24},"end":{"line":79,"column":43}},"31":{"start":{"line":80,"column":24},"end":{"line":80,"column":43}},"32":{"start":{"line":81,"column":26},"end":{"line":81,"column":47}},"33":{"start":{"line":82,"column":24},"end":{"line":82,"column":43}},"34":{"start":{"line":83,"column":34},"end":{"line":83,"column":63}},"35":{"start":{"line":84,"column":25},"end":{"line":84,"column":45}},"36":{"start":{"line":11,"column":0},"end":{"line":11,"column":13}}},"fnMap":{"0":{"name":"(anonymous_0)","decl":{"start":{"line":20,"column":2},"end":{"line":20,"column":22}},"loc":{"start":{"line":20,"column":46},"end":{"line":27,"column":3}}},"1":{"name":"(anonymous_1)","decl":{"start":{"line":30,"column":2},"end":{"line":30,"column":8}},"loc":{"start":{"line":30,"column":40},"end":{"line":54,"column":3}}},"2":{"name":"(anonymous_2)","decl":{"start":{"line":57,"column":2},"end":{"line":57,"column":9}},"loc":{"start":{"line":57,"column":9},"end":{"line":63,"column":3}}},"3":{"name":"(anonymous_3)","decl":{"start":{"line":65,"column":2},"end":{"line":65,"column":8}},"loc":{"start":{"line":65,"column":23},"end":{"line":74,"column":3}}},"4":{"name":"(anonymous_4)","decl":{"start":{"line":77,"column":2},"end":{"line":77,"column":7}},"loc":{"start":{"line":77,"column":7},"end":{"line":77,"column":49}}},"5":{"name":"(anonymous_5)","decl":{"start":{"line":78,"column":2},"end":{"line":78,"column":7}},"loc":{"start":{"line":78,"column":18},"end":{"line":78,"column":43}}},"6":{"name":"(anonymous_6)","decl":{"start":{"line":79,"column":2},"end":{"line":79,"column":11}},"loc":{"start":{"line":79,"column":11},"end":{"line":79,"column":45}}},"7":{"name":"(anonymous_7)","decl":{"start":{"line":80,"column":2},"end":{"line":80,"column":11}},"loc":{"start":{"line":80,"column":11},"end":{"line":80,"column":45}}},"8":{"name":"(anonymous_8)","decl":{"start":{"line":81,"column":2},"end":{"line":81,"column":13}},"loc":{"start":{"line":81,"column":13},"end":{"line":81,"column":49}}},"9":{"name":"(anonymous_9)","decl":{"start":{"line":82,"column":2},"end":{"line":82,"column":11}},"loc":{"start":{"line":82,"column":11},"end":{"line":82,"column":45}}},"10":{"name":"(anonymous_10)","decl":{"start":{"line":83,"column":2},"end":{"line":83,"column":21}},"loc":{"start":{"line":83,"column":21},"end":{"line":83,"column":65}}},"11":{"name":"(anonymous_11)","decl":{"start":{"line":84,"column":2},"end":{"line":84,"column":12}},"loc":{"start":{"line":84,"column":12},"end":{"line":84,"column":47}}}},"branchMap":{"0":{"loc":{"start":{"line":32,"column":4},"end":{"line":34,"column":5}},"type":"if","locations":[{"start":{"line":32,"column":4},"end":{"line":34,"column":5}}]},"1":{"loc":{"start":{"line":37,"column":4},"end":{"line":39,"column":5}},"type":"if","locations":[{"start":{"line":37,"column":4},"end":{"line":39,"column":5}}]},"2":{"loc":{"start":{"line":43,"column":4},"end":{"line":45,"column":5}},"type":"if","locations":[{"start":{"line":43,"column":4},"end":{"line":45,"column":5}}]},"3":{"loc":{"start":{"line":48,"column":4},"end":{"line":50,"column":5}},"type":"if","locations":[{"start":{"line":48,"column":4},"end":{"line":50,"column":5}}]},"4":{"loc":{"start":{"line":58,"column":4},"end":{"line":60,"column":5}},"type":"if","locations":[{"start":{"line":58,"column":4},"end":{"line":60,"column":5}}]},"5":{"loc":{"start":{"line":66,"column":4},"end":{"line":68,"column":5}},"type":"if","locations":[{"start":{"line":66,"column":4},"end":{"line":68,"column":5}}]},"6":{"loc":{"start":{"line":69,"column":4},"end":{"line":71,"column":5}},"type":"if","locations":[{"start":{"line":69,"column":4},"end":{"line":71,"column":5}}]},"7":{"loc":{"start":{"line":69,"column":8},"end":{"line":69,"column":45}},"type":"binary-expr","locations":[{"start":{"line":69,"column":8},"end":{"line":69,"column":15}},{"start":{"line":69,"column":19},"end":{"line":69,"column":45}}]}},"s":{"0":2,"1":5,"2":5,"3":5,"4":5,"5":5,"6":5,"7":9,"8":2,"9":7,"10":1,"11":6,"12":6,"13":1,"14":5,"15":0,"16":5,"17":5,"18":3,"19":1,"20":2,"21":2,"22":0,"23":0,"24":0,"25":0,"26":0,"27":0,"28":0,"29":0,"30":2,"31":0,"32":0,"33":0,"34":0,"35":0,"36":2},"f":{"0":5,"1":9,"2":3,"3":0,"4":0,"5":0,"6":2,"7":0,"8":0,"9":0,"10":0,"11":0},"b":{"0":[2],"1":[1],"2":[1],"3":[0],"4":[1],"5":[0],"6":[0],"7":[0,0]}}
,"/Users/geovanny/Documents/Developer/Nestjs/nestjs-fintech-clean/src/shared/domain/result.ts": {"path":"/Users/geovanny/Documents/Developer/Nestjs/nestjs-fintech-clean/src/shared/domain/result.ts","statementMap":{"0":{"start":{"line":3,"column":20},"end":{"line":3,"column":36}},"1":{"start":{"line":4,"column":20},"end":{"line":4,"column":34}},"2":{"start":{"line":5,"column":20},"end":{"line":5,"column":29}},"3":{"start":{"line":9,"column":4},"end":{"line":9,"column":46}},"4":{"start":{"line":13,"column":4},"end":{"line":13,"column":36}},"5":{"start":{"line":1,"column":0},"end":{"line":1,"column":13}}},"fnMap":{"0":{"name":"(anonymous_0)","decl":{"start":{"line":2,"column":2},"end":{"line":2,"column":null}},"loc":{"start":{"line":5,"column":29},"end":{"line":6,"column":6}}},"1":{"name":"(anonymous_1)","decl":{"start":{"line":8,"column":2},"end":{"line":8,"column":8}},"loc":{"start":{"line":8,"column":24},"end":{"line":10,"column":3}}},"2":{"name":"(anonymous_2)","decl":{"start":{"line":12,"column":2},"end":{"line":12,"column":8}},"loc":{"start":{"line":12,"column":30},"end":{"line":14,"column":3}}}},"branchMap":{},"s":{"0":15,"1":15,"2":15,"3":8,"4":7,"5":2},"f":{"0":15,"1":8,"2":7},"b":{}}
}
