TN:
SF:src/modules/disbursement/application/use-cases/create-disbursement.use-case.ts
FN:17,(anonymous_4)
FN:24,(anonymous_5)
FNF:2
FNH:2
FNDA:3,(anonymous_4)
FNDA:3,(anonymous_5)
DA:1,1
DA:2,1
DA:5,1
DA:16,1
DA:19,3
DA:21,3
DA:26,3
DA:28,3
DA:29,1
DA:32,2
DA:35,2
DA:39,2
DA:40,1
DA:44,1
DA:45,1
DA:46,1
DA:48,0
LF:17
LH:16
BRDA:28,0,0,1
BRDA:39,1,0,1
BRF:2
BRH:2
end_of_record
TN:
SF:src/modules/disbursement/domain/entities/disbursement.entity.ts
FN:20,(anonymous_0)
FN:30,(anonymous_1)
FN:57,(anonymous_2)
FN:65,(anonymous_3)
FN:77,(anonymous_4)
FN:78,(anonymous_5)
FN:79,(anonymous_6)
FN:80,(anonymous_7)
FN:81,(anonymous_8)
FN:82,(anonymous_9)
FN:83,(anonymous_10)
FN:84,(anonymous_11)
FNF:12
FNH:4
FNDA:5,(anonymous_0)
FNDA:9,(anonymous_1)
FNDA:3,(anonymous_2)
FNDA:0,(anonymous_3)
FNDA:0,(anonymous_4)
FNDA:0,(anonymous_5)
FNDA:2,(anonymous_6)
FNDA:0,(anonymous_7)
FNDA:0,(anonymous_8)
FNDA:0,(anonymous_9)
FNDA:0,(anonymous_10)
FNDA:0,(anonymous_11)
DA:1,2
DA:11,2
DA:21,5
DA:22,5
DA:23,5
DA:24,5
DA:25,5
DA:26,5
DA:32,9
DA:33,2
DA:37,7
DA:38,1
DA:42,6
DA:43,6
DA:44,1
DA:48,5
DA:49,0
DA:52,5
DA:53,5
DA:58,3
DA:59,1
DA:61,2
DA:62,2
DA:66,0
DA:67,0
DA:69,0
DA:70,0
DA:72,0
DA:73,0
DA:77,0
DA:78,0
DA:79,2
DA:80,0
DA:81,0
DA:82,0
DA:83,0
DA:84,0
LF:37
LH:23
BRDA:32,0,0,2
BRDA:37,1,0,1
BRDA:43,2,0,1
BRDA:48,3,0,0
BRDA:58,4,0,1
BRDA:66,5,0,0
BRDA:69,6,0,0
BRDA:69,7,0,0
BRDA:69,7,1,0
BRF:9
BRH:4
end_of_record
TN:
SF:src/shared/domain/result.ts
FN:2,(anonymous_0)
FN:8,(anonymous_1)
FN:12,(anonymous_2)
FNF:3
FNH:3
FNDA:15,(anonymous_0)
FNDA:8,(anonymous_1)
FNDA:7,(anonymous_2)
DA:1,2
DA:3,15
DA:4,15
DA:5,15
DA:9,8
DA:13,7
LF:6
LH:6
BRF:0
BRH:0
end_of_record
